<?xml version="1.0" encoding="UTF-8"?>
<!-- Generated by org.testng.reporters.JUnitXMLReporter -->
<testsuite ignored="0" hostname="Mac.Dlink" failures="1" tests="1" name="Cucumber Tests" time="2.682" errors="0" timestamp="2024-12-06T01:55:17 IST">
  <testcase classname="io.cucumber.testng.AbstractTestNGCucumberTests" name="runScenario" time="2.438">
    <failure type="io.cucumber.testng.UndefinedStepException" message="The step &amp;apos;the user is on the login https://www.saucedemo.com/v1/&amp;apos; is undefined.
You can implement this step using the snippet(s) below:

@Given(&amp;quot;the user is on the login https:\\/\\/www.saucedemo.com\\/v1\\/&amp;quot;)
public void the_user_is_on_the_login_https_www_saucedemo_com_v1() {
    // Write code here that turns the phrase above into concrete actions
    throw new io.cucumber.java.PendingException();
}
">
      <![CDATA[io.cucumber.testng.UndefinedStepException: The step 'the user is on the login https://www.saucedemo.com/v1/' is undefined.
You can implement this step using the snippet(s) below:

@Given("the user is on the login https:\\/\\/www.saucedemo.com\\/v1\\/")
public void the_user_is_on_the_login_https_www_saucedemo_com_v1() {
    // Write code here that turns the phrase above into concrete actions
    throw new io.cucumber.java.PendingException();
}

at io.cucumber.core.runtime.TestCaseResultObserver.assertTestCasePassed(TestCaseResultObserver.java:69)
at io.cucumber.testng.TestCaseResultObserver.assertTestCasePassed(TestCaseResultObserver.java:23)
at io.cucumber.testng.TestNGCucumberRunner.lambda$runScenario$1(TestNGCucumberRunner.java:136)
at io.cucumber.core.runtime.CucumberExecutionContext.lambda$runTestCase$5(CucumberExecutionContext.java:136)
at io.cucumber.core.runtime.RethrowingThrowableCollector.executeAndThrow(RethrowingThrowableCollector.java:23)
at io.cucumber.core.runtime.CucumberExecutionContext.runTestCase(CucumberExecutionContext.java:136)
at io.cucumber.testng.TestNGCucumberRunner.runScenario(TestNGCucumberRunner.java:132)
at io.cucumber.testng.AbstractTestNGCucumberTests.runScenario(AbstractTestNGCucumberTests.java:35)
at java.base/java.util.ArrayList.forEach(ArrayList.java:1597)
... Removed 25 stack frames]]>
    </failure>
  </testcase> <!-- runScenario -->
</testsuite> <!-- Cucumber Tests -->
